<?xml version="1.0" encoding="UTF-8"?>
<!-- Generated by org.testng.reporters.JUnitReportReporter -->
<testsuite hostname="CHAITUVINI" failures="0" tests="1" name="com.jenkins.methods.Demo1" time="0.001" errors="0" timestamp="2023-01-07T12:26:54 IST" skipped="0">
  <testcase classname="com.jenkins.methods.Demo1" name="m1" time="0.001"/>
  <system-out>
    <![CDATA['m1 running]]>
  </system-out>
</testsuite> <!-- com.jenkins.methods.Demo1 -->
